[debug] [2021-07-18T13:06:07.066Z] ----------------------------------------------------------------------
[debug] [2021-07-18T13:06:07.071Z] Command:       C:\Program Files\nodejs\node.exe C:\Users\alima\AppData\Roaming\npm\node_modules\firebase-tools\lib\bin\firebase.js login
[debug] [2021-07-18T13:06:07.072Z] CLI Version:   9.16.0
[debug] [2021-07-18T13:06:07.073Z] Platform:      win32
[debug] [2021-07-18T13:06:07.073Z] Node Version:  v14.17.3
[debug] [2021-07-18T13:06:07.075Z] Time:          Sun Jul 18 2021 17:06:07 GMT+0400 (Азербайджан, стандартное время)
[debug] [2021-07-18T13:06:07.076Z] ----------------------------------------------------------------------
[debug] 
[debug] [2021-07-18T13:06:07.082Z] >>> [apiv2][query] GET https://firebase-public.firebaseio.com/cli.json [none]
[info] i  Firebase optionally collects CLI usage and error reporting information to help improve our products. Data is collected in accordance with Google's privacy policy (https://policies.google.com/privacy) and is not used to identify you.
 
[debug] [2021-07-18T13:06:08.052Z] <<< [apiv2][status] GET https://firebase-public.firebaseio.com/cli.json 200
[debug] [2021-07-18T13:06:08.053Z] <<< [apiv2][body] GET https://firebase-public.firebaseio.com/cli.json {"cloudBuildErrorAfter":1594252800000,"cloudBuildWarnAfter":1590019200000,"defaultNode10After":1594252800000,"minVersion":"3.0.5","node8DeploysDisabledAfter":1613390400000,"node8RuntimeDisabledAfter":1615809600000,"node8WarnAfter":1600128000000}
[info] 
[info] Visit this URL on this device to log in:
[info] https://accounts.google.com/o/oauth2/auth?client_id=563584335869-fgrhgmd47bqnekij5i8b5pr03ho849e6.apps.googleusercontent.com&scope=email%20openid%20https%3A%2F%2Fwww.googleapis.com%2Fauth%2Fcloudplatformprojects.readonly%20https%3A%2F%2Fwww.googleapis.com%2Fauth%2Ffirebase%20https%3A%2F%2Fwww.googleapis.com%2Fauth%2Fcloud-platform&response_type=code&state=1025777334&redirect_uri=http%3A%2F%2Flocalhost%3A9005
[info] 
[info] Waiting for authentication...
[debug] [2021-07-18T13:10:02.903Z] ----------------------------------------------------------------------
[debug] [2021-07-18T13:10:02.909Z] Command:       C:\Program Files\nodejs\node.exe C:\Users\alima\AppData\Roaming\npm\node_modules\firebase-tools\lib\bin\firebase.js login
[debug] [2021-07-18T13:10:02.909Z] CLI Version:   9.16.0
[debug] [2021-07-18T13:10:02.910Z] Platform:      win32
[debug] [2021-07-18T13:10:02.910Z] Node Version:  v14.17.3
[debug] [2021-07-18T13:10:02.912Z] Time:          Sun Jul 18 2021 17:10:02 GMT+0400 (Азербайджан, стандартное время)
[debug] [2021-07-18T13:10:02.913Z] ----------------------------------------------------------------------
[debug] 
[info] i  Firebase optionally collects CLI usage and error reporting information to help improve our products. Data is collected in accordance with Google's privacy policy (https://policies.google.com/privacy) and is not used to identify you.
 
[info] i  To change your data collection preference at any time, run `firebase logout` and log in again. 
[info] 
[info] Visit this URL on this device to log in:
[info] https://accounts.google.com/o/oauth2/auth?client_id=563584335869-fgrhgmd47bqnekij5i8b5pr03ho849e6.apps.googleusercontent.com&scope=email%20openid%20https%3A%2F%2Fwww.googleapis.com%2Fauth%2Fcloudplatformprojects.readonly%20https%3A%2F%2Fwww.googleapis.com%2Fauth%2Ffirebase%20https%3A%2F%2Fwww.googleapis.com%2Fauth%2Fcloud-platform&response_type=code&state=556176405&redirect_uri=http%3A%2F%2Flocalhost%3A9005
[info] 
[info] Waiting for authentication...
